0 info it worked if it ends with ok
1 verbose cli [ '/usr/local/Cellar/node/7.3.0/bin/node',
1 verbose cli   '/usr/local/bin/npm',
1 verbose cli   'run',
1 verbose cli   'dev-sw' ]
2 info using npm@4.1.2
3 info using node@v7.3.0
4 verbose run-script [ 'predev-sw', 'dev-sw', 'postdev-sw' ]
5 info lifecycle hacker-news-pwas@~predev-sw: hacker-news-pwas@
6 silly lifecycle hacker-news-pwas@~predev-sw: no script for predev-sw, continuing
7 info lifecycle hacker-news-pwas@~dev-sw: hacker-news-pwas@
8 verbose lifecycle hacker-news-pwas@~dev-sw: unsafe-perm in lifecycle true
9 verbose lifecycle hacker-news-pwas@~dev-sw: PATH: /usr/local/lib/node_modules/npm/bin/node-gyp-bin:/Users/dsolimando/Documents/solidx/hacker-news-pwas/site/node_modules/.bin:/usr/local/bin:/usr/bin:/bin:/usr/sbin:/sbin:/usr/local/Caskroom/google-cloud-sdk/latest/google-cloud-sdk/bin/:/Users/dsolimando/opt/hot-0.9.5-SNAPSHOT/
10 verbose lifecycle hacker-news-pwas@~dev-sw: CWD: /Users/dsolimando/Documents/solidx/hacker-news-pwas/site
11 silly lifecycle hacker-news-pwas@~dev-sw: Args: [ '-c',
11 silly lifecycle   'npm run build && sw-precache --config=sw-precache-config.js && npm run dev' ]
12 silly lifecycle hacker-news-pwas@~dev-sw: Returned: code: 1  signal: null
13 info lifecycle hacker-news-pwas@~dev-sw: Failed to exec dev-sw script
14 verbose stack Error: hacker-news-pwas@ dev-sw: `npm run build && sw-precache --config=sw-precache-config.js && npm run dev`
14 verbose stack Exit status 1
14 verbose stack     at EventEmitter.<anonymous> (/usr/local/lib/node_modules/npm/lib/utils/lifecycle.js:279:16)
14 verbose stack     at emitTwo (events.js:106:13)
14 verbose stack     at EventEmitter.emit (events.js:191:7)
14 verbose stack     at ChildProcess.<anonymous> (/usr/local/lib/node_modules/npm/lib/utils/spawn.js:40:14)
14 verbose stack     at emitTwo (events.js:106:13)
14 verbose stack     at ChildProcess.emit (events.js:191:7)
14 verbose stack     at maybeClose (internal/child_process.js:885:16)
14 verbose stack     at Process.ChildProcess._handle.onexit (internal/child_process.js:226:5)
15 verbose pkgid hacker-news-pwas@
16 verbose cwd /Users/dsolimando/Documents/solidx/hacker-news-pwas/site
17 error Darwin 16.4.0
18 error argv "/usr/local/Cellar/node/7.3.0/bin/node" "/usr/local/bin/npm" "run" "dev-sw"
19 error node v7.3.0
20 error npm  v4.1.2
21 error code ELIFECYCLE
22 error hacker-news-pwas@ dev-sw: `npm run build && sw-precache --config=sw-precache-config.js && npm run dev`
22 error Exit status 1
23 error Failed at the hacker-news-pwas@ dev-sw script 'npm run build && sw-precache --config=sw-precache-config.js && npm run dev'.
23 error Make sure you have the latest version of node.js and npm installed.
23 error If you do, this is most likely a problem with the hacker-news-pwas package,
23 error not with npm itself.
23 error Tell the author that this fails on your system:
23 error     npm run build && sw-precache --config=sw-precache-config.js && npm run dev
23 error You can get information on how to open an issue for this project with:
23 error     npm bugs hacker-news-pwas
23 error Or if that isn't available, you can get their info via:
23 error     npm owner ls hacker-news-pwas
23 error There is likely additional logging output above.
24 verbose exit [ 1, true ]
